Determining if the pthread_create exist failed with the following output:
Change Dir: /home/dongfang/submit/build/CMakeFiles/CMakeTmp

Run Build Command:"/usr/bin/make" "cmTC_9dc1b/fast"
/usr/bin/make -f CMakeFiles/cmTC_9dc1b.dir/build.make CMakeFiles/cmTC_9dc1b.dir/build
make[1]: Entering directory '/home/dongfang/submit/build/CMakeFiles/CMakeTmp'
Building C object CMakeFiles/cmTC_9dc1b.dir/CheckSymbolExists.c.o
/usr/bin/cc     -o CMakeFiles/cmTC_9dc1b.dir/CheckSymbolExists.c.o   -c /home/dongfang/submit/build/CMakeFiles/CMakeTmp/CheckSymbolExists.c
Linking C executable cmTC_9dc1b
/usr/bin/cmake -E cmake_link_script CMakeFiles/cmTC_9dc1b.dir/link.txt --verbose=1
/usr/bin/cc       CMakeFiles/cmTC_9dc1b.dir/CheckSymbolExists.c.o  -o cmTC_9dc1b -rdynamic 
CMakeFiles/cmTC_9dc1b.dir/CheckSymbolExists.c.o：在函数‘main’中：
CheckSymbolExists.c:(.text+0x16)：对‘pthread_create’未定义的引用
collect2: error: ld returned 1 exit status
CMakeFiles/cmTC_9dc1b.dir/build.make:97: recipe for target 'cmTC_9dc1b' failed
make[1]: *** [cmTC_9dc1b] Error 1
make[1]: Leaving directory '/home/dongfang/submit/build/CMakeFiles/CMakeTmp'
Makefile:126: recipe for target 'cmTC_9dc1b/fast' failed
make: *** [cmTC_9dc1b/fast] Error 2

File /home/dongfang/submit/build/CMakeFiles/CMakeTmp/CheckSymbolExists.c:
/* */
#include <pthread.h>

int main(int argc, char** argv)
{
  (void)argv;
#ifndef pthread_create
  return ((int*)(&pthread_create))[argc];
#else
  (void)argc;
  return 0;
#endif
}

Determining if the function pthread_create exists in the pthreads failed with the following output:
Change Dir: /home/dongfang/submit/build/CMakeFiles/CMakeTmp

Run Build Command:"/usr/bin/make" "cmTC_ef2aa/fast"
/usr/bin/make -f CMakeFiles/cmTC_ef2aa.dir/build.make CMakeFiles/cmTC_ef2aa.dir/build
make[1]: Entering directory '/home/dongfang/submit/build/CMakeFiles/CMakeTmp'
Building C object CMakeFiles/cmTC_ef2aa.dir/CheckFunctionExists.c.o
/usr/bin/cc    -DCHECK_FUNCTION_EXISTS=pthread_create   -o CMakeFiles/cmTC_ef2aa.dir/CheckFunctionExists.c.o   -c /usr/share/cmake-3.5/Modules/CheckFunctionExists.c
Linking C executable cmTC_ef2aa
/usr/bin/cmake -E cmake_link_script CMakeFiles/cmTC_ef2aa.dir/link.txt --verbose=1
/usr/bin/cc   -DCHECK_FUNCTION_EXISTS=pthread_create    CMakeFiles/cmTC_ef2aa.dir/CheckFunctionExists.c.o  -o cmTC_ef2aa -rdynamic -lpthreads 
/usr/bin/ld: 找不到 -lpthreads
collect2: error: ld returned 1 exit status
CMakeFiles/cmTC_ef2aa.dir/build.make:97: recipe for target 'cmTC_ef2aa' failed
make[1]: *** [cmTC_ef2aa] Error 1
make[1]: Leaving directory '/home/dongfang/submit/build/CMakeFiles/CMakeTmp'
Makefile:126: recipe for target 'cmTC_ef2aa/fast' failed
make: *** [cmTC_ef2aa/fast] Error 2


